[2023-03-13T21:44:23.385] [ERROR] default - CastError: Cast to ObjectId failed for value "1" (type string) at path "_id" for model "productos"
    at model.Query.exec (C:\github\backend\desafio16\node_modules\mongoose\lib\query.js:4927:21)
    at model.Query.Query.then (C:\github\backend\desafio16\node_modules\mongoose\lib\query.js:5026:15)
    at runMicrotasks (<anonymous>)
    at processTicksAndRejections (node:internal/process/task_queues:96:5) {
  messageFormat: undefined,
  stringValue: '"1"',
  kind: 'ObjectId',
  value: '1',
  path: '_id',
  reason: BSONTypeError: Argument passed in must be a string of 12 bytes or a string of 24 hex characters or an integer
      at new BSONTypeError (C:\github\backend\desafio16\node_modules\bson\lib\error.js:41:28)
      at new ObjectId (C:\github\backend\desafio16\node_modules\bson\lib\objectid.js:67:23)
      at castObjectId (C:\github\backend\desafio16\node_modules\mongoose\lib\cast\objectid.js:25:12)
      at ObjectId.cast (C:\github\backend\desafio16\node_modules\mongoose\lib\schema\objectid.js:246:12)
      at ObjectId.SchemaType.applySetters (C:\github\backend\desafio16\node_modules\mongoose\lib\schematype.js:1201:12)
      at ObjectId.SchemaType._castForQuery (C:\github\backend\desafio16\node_modules\mongoose\lib\schematype.js:1648:15)
      at ObjectId.SchemaType.castForQuery (C:\github\backend\desafio16\node_modules\mongoose\lib\schematype.js:1636:15)
      at ObjectId.SchemaType.castForQueryWrapper (C:\github\backend\desafio16\node_modules\mongoose\lib\schematype.js:1612:20)
      at cast (C:\github\backend\desafio16\node_modules\mongoose\lib\cast.js:349:32)
      at model.Query.Query.cast (C:\github\backend\desafio16\node_modules\mongoose\lib\query.js:5357:12),
  valueType: 'string'
}
[2023-03-15T19:43:26.351] [ERROR] default - Error: productos validation failed: stock: Path `stock` is required., code: Path `code` is required., description: Path `description` is required., price: Path `price` is required., title: Path `title` is required.
    at ValidationError.inspect (C:\github\backend\desafio17\node_modules\mongoose\lib\error\validation.js:50:26)
    at formatValue (node:internal/util/inspect:782:19)
    at inspect (node:internal/util/inspect:347:10)
    at formatWithOptionsInternal (node:internal/util/inspect:2167:40)
    at Object.format (node:internal/util/inspect:2021:10)
    at basicLayout (C:\github\backend\desafio17\node_modules\log4js\lib\layouts.js:65:52)
    at app (C:\github\backend\desafio17\node_modules\log4js\lib\appenders\file.js:98:23)
    at C:\github\backend\desafio17\node_modules\log4js\lib\appenders\logLevelFilter.js:10:7
    at C:\github\backend\desafio17\node_modules\log4js\lib\log4js.js:43:5
    at Array.forEach (<anonymous>) {
  errors: {
    stock: ValidatorError: Path `stock` is required.
        at validate (C:\github\backend\desafio17\node_modules\mongoose\lib\schematype.js:1346:13)
        at SchemaNumber.SchemaType.doValidate (C:\github\backend\desafio17\node_modules\mongoose\lib\schematype.js:1330:7)
        at C:\github\backend\desafio17\node_modules\mongoose\lib\document.js:2905:18
        at processTicksAndRejections (node:internal/process/task_queues:78:11) {
      properties: [Object],
      kind: 'required',
      path: 'stock',
      value: undefined,
      reason: undefined,
      [Symbol(mongoose:validatorError)]: true
    },
    code: ValidatorError: Path `code` is required.
        at validate (C:\github\backend\desafio17\node_modules\mongoose\lib\schematype.js:1346:13)
        at SchemaString.SchemaType.doValidate (C:\github\backend\desafio17\node_modules\mongoose\lib\schematype.js:1330:7)
        at C:\github\backend\desafio17\node_modules\mongoose\lib\document.js:2905:18
        at processTicksAndRejections (node:internal/process/task_queues:78:11) {
      properties: [Object],
      kind: 'required',
      path: 'code',
      value: undefined,
      reason: undefined,
      [Symbol(mongoose:validatorError)]: true
    },
    description: ValidatorError: Path `description` is required.
        at validate (C:\github\backend\desafio17\node_modules\mongoose\lib\schematype.js:1346:13)
        at SchemaString.SchemaType.doValidate (C:\github\backend\desafio17\node_modules\mongoose\lib\schematype.js:1330:7)
        at C:\github\backend\desafio17\node_modules\mongoose\lib\document.js:2905:18
        at processTicksAndRejections (node:internal/process/task_queues:78:11) {
      properties: [Object],
      kind: 'required',
      path: 'description',
      value: undefined,
      reason: undefined,
      [Symbol(mongoose:validatorError)]: true
    },
    price: ValidatorError: Path `price` is required.
        at validate (C:\github\backend\desafio17\node_modules\mongoose\lib\schematype.js:1346:13)
        at SchemaNumber.SchemaType.doValidate (C:\github\backend\desafio17\node_modules\mongoose\lib\schematype.js:1330:7)
        at C:\github\backend\desafio17\node_modules\mongoose\lib\document.js:2905:18
        at processTicksAndRejections (node:internal/process/task_queues:78:11) {
      properties: [Object],
      kind: 'required',
      path: 'price',
      value: undefined,
      reason: undefined,
      [Symbol(mongoose:validatorError)]: true
    },
    title: ValidatorError: Path `title` is required.
        at validate (C:\github\backend\desafio17\node_modules\mongoose\lib\schematype.js:1346:13)
        at SchemaString.SchemaType.doValidate (C:\github\backend\desafio17\node_modules\mongoose\lib\schematype.js:1330:7)
        at C:\github\backend\desafio17\node_modules\mongoose\lib\document.js:2905:18
        at processTicksAndRejections (node:internal/process/task_queues:78:11) {
      properties: [Object],
      kind: 'required',
      path: 'title',
      value: undefined,
      reason: undefined,
      [Symbol(mongoose:validatorError)]: true
    }
  },
  _message: 'productos validation failed'
}
[2023-03-15T19:46:03.938] [ERROR] default - Error: productos validation failed: price: Path `price` is required., title: Path `title` is required.
    at ValidationError.inspect (C:\github\backend\desafio17\node_modules\mongoose\lib\error\validation.js:50:26)
    at formatValue (node:internal/util/inspect:782:19)
    at inspect (node:internal/util/inspect:347:10)
    at formatWithOptionsInternal (node:internal/util/inspect:2167:40)
    at Object.format (node:internal/util/inspect:2021:10)
    at basicLayout (C:\github\backend\desafio17\node_modules\log4js\lib\layouts.js:65:52)
    at app (C:\github\backend\desafio17\node_modules\log4js\lib\appenders\file.js:98:23)
    at C:\github\backend\desafio17\node_modules\log4js\lib\appenders\logLevelFilter.js:10:7
    at C:\github\backend\desafio17\node_modules\log4js\lib\log4js.js:43:5
    at Array.forEach (<anonymous>) {
  errors: {
    price: ValidatorError: Path `price` is required.
        at validate (C:\github\backend\desafio17\node_modules\mongoose\lib\schematype.js:1346:13)
        at SchemaNumber.SchemaType.doValidate (C:\github\backend\desafio17\node_modules\mongoose\lib\schematype.js:1330:7)
        at C:\github\backend\desafio17\node_modules\mongoose\lib\document.js:2905:18
        at processTicksAndRejections (node:internal/process/task_queues:78:11) {
      properties: [Object],
      kind: 'required',
      path: 'price',
      value: undefined,
      reason: undefined,
      [Symbol(mongoose:validatorError)]: true
    },
    title: ValidatorError: Path `title` is required.
        at validate (C:\github\backend\desafio17\node_modules\mongoose\lib\schematype.js:1346:13)
        at SchemaString.SchemaType.doValidate (C:\github\backend\desafio17\node_modules\mongoose\lib\schematype.js:1330:7)
        at C:\github\backend\desafio17\node_modules\mongoose\lib\document.js:2905:18
        at processTicksAndRejections (node:internal/process/task_queues:78:11) {
      properties: [Object],
      kind: 'required',
      path: 'title',
      value: undefined,
      reason: undefined,
      [Symbol(mongoose:validatorError)]: true
    }
  },
  _message: 'productos validation failed'
}
[2023-03-15T23:08:39.584] [ERROR] default - MongoServerError: E11000 duplicate key error collection: baseTest.productos index: code_1 dup key: { code: "33333" }
    at C:\github\backend\desafio17\node_modules\mongoose\node_modules\mongodb\lib\operations\insert.js:53:33
    at C:\github\backend\desafio17\node_modules\mongoose\node_modules\mongodb\lib\cmap\connection_pool.js:333:25
    at C:\github\backend\desafio17\node_modules\mongoose\node_modules\mongodb\lib\sdam\server.js:210:17
    at handleOperationResult (C:\github\backend\desafio17\node_modules\mongoose\node_modules\mongodb\lib\sdam\server.js:326:20)
    at Connection.onMessage (C:\github\backend\desafio17\node_modules\mongoose\node_modules\mongodb\lib\cmap\connection.js:242:9)
    at MessageStream.<anonymous> (C:\github\backend\desafio17\node_modules\mongoose\node_modules\mongodb\lib\cmap\connection.js:61:60)
    at MessageStream.emit (node:events:526:28)
    at processIncomingData (C:\github\backend\desafio17\node_modules\mongoose\node_modules\mongodb\lib\cmap\message_stream.js:125:16)
    at MessageStream._write (C:\github\backend\desafio17\node_modules\mongoose\node_modules\mongodb\lib\cmap\message_stream.js:33:9)
    at writeOrBuffer (node:internal/streams/writable:389:12) {
  index: 0,
  code: 11000,
  keyPattern: { code: 1 },
  keyValue: { code: '33333' },
  [Symbol(errorLabels)]: Set(0) {}
}
[2023-03-15T23:16:51.490] [ERROR] default - MongoServerError: E11000 duplicate key error collection: baseTest.productos index: code_1 dup key: { code: "aa555" }
    at C:\github\backend\desafio17\node_modules\mongoose\node_modules\mongodb\lib\operations\insert.js:53:33
    at C:\github\backend\desafio17\node_modules\mongoose\node_modules\mongodb\lib\cmap\connection_pool.js:333:25
    at C:\github\backend\desafio17\node_modules\mongoose\node_modules\mongodb\lib\sdam\server.js:210:17
    at handleOperationResult (C:\github\backend\desafio17\node_modules\mongoose\node_modules\mongodb\lib\sdam\server.js:326:20)
    at Connection.onMessage (C:\github\backend\desafio17\node_modules\mongoose\node_modules\mongodb\lib\cmap\connection.js:242:9)
    at MessageStream.<anonymous> (C:\github\backend\desafio17\node_modules\mongoose\node_modules\mongodb\lib\cmap\connection.js:61:60)
    at MessageStream.emit (node:events:526:28)
    at processIncomingData (C:\github\backend\desafio17\node_modules\mongoose\node_modules\mongodb\lib\cmap\message_stream.js:125:16)
    at MessageStream._write (C:\github\backend\desafio17\node_modules\mongoose\node_modules\mongodb\lib\cmap\message_stream.js:33:9)
    at writeOrBuffer (node:internal/streams/writable:389:12) {
  index: 0,
  code: 11000,
  keyPattern: { code: 1 },
  keyValue: { code: 'aa555' },
  [Symbol(errorLabels)]: Set(0) {}
}
[2023-03-15T23:17:58.162] [ERROR] default - MongoServerError: E11000 duplicate key error collection: baseTest.productos index: code_1 dup key: { code: "aa555" }
    at C:\github\backend\desafio17\node_modules\mongoose\node_modules\mongodb\lib\operations\insert.js:53:33
    at C:\github\backend\desafio17\node_modules\mongoose\node_modules\mongodb\lib\cmap\connection_pool.js:333:25
    at C:\github\backend\desafio17\node_modules\mongoose\node_modules\mongodb\lib\sdam\server.js:210:17
    at handleOperationResult (C:\github\backend\desafio17\node_modules\mongoose\node_modules\mongodb\lib\sdam\server.js:326:20)
    at Connection.onMessage (C:\github\backend\desafio17\node_modules\mongoose\node_modules\mongodb\lib\cmap\connection.js:242:9)
    at MessageStream.<anonymous> (C:\github\backend\desafio17\node_modules\mongoose\node_modules\mongodb\lib\cmap\connection.js:61:60)
    at MessageStream.emit (node:events:526:28)
    at processIncomingData (C:\github\backend\desafio17\node_modules\mongoose\node_modules\mongodb\lib\cmap\message_stream.js:125:16)
    at MessageStream._write (C:\github\backend\desafio17\node_modules\mongoose\node_modules\mongodb\lib\cmap\message_stream.js:33:9)
    at writeOrBuffer (node:internal/streams/writable:389:12) {
  index: 0,
  code: 11000,
  keyPattern: { code: 1 },
  keyValue: { code: 'aa555' },
  [Symbol(errorLabels)]: Set(0) {}
}
[2023-03-15T23:18:11.744] [ERROR] default - MongoServerError: E11000 duplicate key error collection: baseTest.productos index: code_1 dup key: { code: "aa555" }
    at C:\github\backend\desafio17\node_modules\mongoose\node_modules\mongodb\lib\operations\insert.js:53:33
    at C:\github\backend\desafio17\node_modules\mongoose\node_modules\mongodb\lib\cmap\connection_pool.js:333:25
    at C:\github\backend\desafio17\node_modules\mongoose\node_modules\mongodb\lib\sdam\server.js:210:17
    at handleOperationResult (C:\github\backend\desafio17\node_modules\mongoose\node_modules\mongodb\lib\sdam\server.js:326:20)
    at Connection.onMessage (C:\github\backend\desafio17\node_modules\mongoose\node_modules\mongodb\lib\cmap\connection.js:242:9)
    at MessageStream.<anonymous> (C:\github\backend\desafio17\node_modules\mongoose\node_modules\mongodb\lib\cmap\connection.js:61:60)
    at MessageStream.emit (node:events:526:28)
    at processIncomingData (C:\github\backend\desafio17\node_modules\mongoose\node_modules\mongodb\lib\cmap\message_stream.js:125:16)
    at MessageStream._write (C:\github\backend\desafio17\node_modules\mongoose\node_modules\mongodb\lib\cmap\message_stream.js:33:9)
    at writeOrBuffer (node:internal/streams/writable:389:12) {
  index: 0,
  code: 11000,
  keyPattern: { code: 1 },
  keyValue: { code: 'aa555' },
  [Symbol(errorLabels)]: Set(0) {}
}
