[2023-03-13T21:44:23.385] [ERROR] default - CastError: Cast to ObjectId failed for value "1" (type string) at path "_id" for model "productos"
    at model.Query.exec (C:\github\backend\desafio16\node_modules\mongoose\lib\query.js:4927:21)
    at model.Query.Query.then (C:\github\backend\desafio16\node_modules\mongoose\lib\query.js:5026:15)
    at runMicrotasks (<anonymous>)
    at processTicksAndRejections (node:internal/process/task_queues:96:5) {
  messageFormat: undefined,
  stringValue: '"1"',
  kind: 'ObjectId',
  value: '1',
  path: '_id',
  reason: BSONTypeError: Argument passed in must be a string of 12 bytes or a string of 24 hex characters or an integer
      at new BSONTypeError (C:\github\backend\desafio16\node_modules\bson\lib\error.js:41:28)
      at new ObjectId (C:\github\backend\desafio16\node_modules\bson\lib\objectid.js:67:23)
      at castObjectId (C:\github\backend\desafio16\node_modules\mongoose\lib\cast\objectid.js:25:12)
      at ObjectId.cast (C:\github\backend\desafio16\node_modules\mongoose\lib\schema\objectid.js:246:12)
      at ObjectId.SchemaType.applySetters (C:\github\backend\desafio16\node_modules\mongoose\lib\schematype.js:1201:12)
      at ObjectId.SchemaType._castForQuery (C:\github\backend\desafio16\node_modules\mongoose\lib\schematype.js:1648:15)
      at ObjectId.SchemaType.castForQuery (C:\github\backend\desafio16\node_modules\mongoose\lib\schematype.js:1636:15)
      at ObjectId.SchemaType.castForQueryWrapper (C:\github\backend\desafio16\node_modules\mongoose\lib\schematype.js:1612:20)
      at cast (C:\github\backend\desafio16\node_modules\mongoose\lib\cast.js:349:32)
      at model.Query.Query.cast (C:\github\backend\desafio16\node_modules\mongoose\lib\query.js:5357:12),
  valueType: 'string'
}
