[2023-02-01T21:43:39.462] [ERROR] default - No hay productos
[2023-02-02T21:53:35.921] [ERROR] default - processInfo is not defined
[2023-02-02T21:54:20.214] [ERROR] default - processInfo is not defined
[2023-02-16T01:00:53.420] [ERROR] default - No hay productos
[2023-02-16T01:09:17.364] [ERROR] default - No hay productos
[2023-02-16T02:00:02.530] [ERROR] default - No hay productos
[2023-02-16T02:14:07.494] [ERROR] default - ReferenceError: Cannot access 'producto' before initialization
    at C:\github\backend\3raEntregaPF\server.js:346:24
    at Layer.handle [as handle_request] (C:\github\backend\3raEntregaPF\node_modules\express\lib\router\layer.js:95:5)
    at next (C:\github\backend\3raEntregaPF\node_modules\express\lib\router\route.js:144:13)
    at Route.dispatch (C:\github\backend\3raEntregaPF\node_modules\express\lib\router\route.js:114:3)
    at Layer.handle [as handle_request] (C:\github\backend\3raEntregaPF\node_modules\express\lib\router\layer.js:95:5)
    at C:\github\backend\3raEntregaPF\node_modules\express\lib\router\index.js:284:15
    at param (C:\github\backend\3raEntregaPF\node_modules\express\lib\router\index.js:365:14)
    at param (C:\github\backend\3raEntregaPF\node_modules\express\lib\router\index.js:376:14)
    at Function.process_params (C:\github\backend\3raEntregaPF\node_modules\express\lib\router\index.js:421:3)
    at next (C:\github\backend\3raEntregaPF\node_modules\express\lib\router\index.js:280:10)
[2023-02-16T02:14:07.495] [ERROR] default - Cannot access 'producto' before initialization
[2023-02-16T02:16:03.503] [ERROR] default - TypeError: apiProductos.popular is not a function
    at C:\github\backend\3raEntregaPF\server.js:337:35
    at Layer.handle [as handle_request] (C:\github\backend\3raEntregaPF\node_modules\express\lib\router\layer.js:95:5)
    at next (C:\github\backend\3raEntregaPF\node_modules\express\lib\router\route.js:144:13)
    at Route.dispatch (C:\github\backend\3raEntregaPF\node_modules\express\lib\router\route.js:114:3)
    at Layer.handle [as handle_request] (C:\github\backend\3raEntregaPF\node_modules\express\lib\router\layer.js:95:5)
    at C:\github\backend\3raEntregaPF\node_modules\express\lib\router\index.js:284:15
    at Function.process_params (C:\github\backend\3raEntregaPF\node_modules\express\lib\router\index.js:346:12)
    at next (C:\github\backend\3raEntregaPF\node_modules\express\lib\router\index.js:280:10)
    at next (C:\github\backend\3raEntregaPF\node_modules\express\lib\router\route.js:136:14)
    at C:\github\backend\3raEntregaPF\server.js:195:5
[2023-02-16T02:16:03.505] [ERROR] default - apiProductos.popular is not a function
[2023-02-16T21:41:48.439] [ERROR] default - Cannot read properties of undefined (reading 'params')
[2023-02-16T21:42:25.688] [ERROR] default - Cannot read properties of undefined (reading 'params')
[2023-02-16T23:36:53.703] [ERROR] default - req#logout requires a callback function
[2023-02-16T23:37:18.732] [ERROR] default - req#logout requires a callback function
[2023-02-16T23:39:11.125] [ERROR] default - req#logout requires a callback function
[2023-02-17T12:34:41.860] [ERROR] default - signup is not a function
[2023-02-17T13:24:53.963] [ERROR] default - signup is not a function
[2023-02-17T23:10:11.733] [ERROR] default - Error al enviar mail de nuevo registro ReferenceError: res is not defined
[2023-02-20T18:31:34.822] [ERROR] default - TypeError: CarritosModel.create is not a function
    at CarritoDao.createCart (C:\github\backend\3raEntregaPF\dao\carritoDao.js:9:34)
    at C:\github\backend\3raEntregaPF\routes\cart.js:13:38
    at Layer.handle [as handle_request] (C:\github\backend\3raEntregaPF\node_modules\express\lib\router\layer.js:95:5)
    at next (C:\github\backend\3raEntregaPF\node_modules\express\lib\router\route.js:144:13)
    at Route.dispatch (C:\github\backend\3raEntregaPF\node_modules\express\lib\router\route.js:114:3)
    at Layer.handle [as handle_request] (C:\github\backend\3raEntregaPF\node_modules\express\lib\router\layer.js:95:5)
    at C:\github\backend\3raEntregaPF\node_modules\express\lib\router\index.js:284:15
    at Function.process_params (C:\github\backend\3raEntregaPF\node_modules\express\lib\router\index.js:346:12)
    at next (C:\github\backend\3raEntregaPF\node_modules\express\lib\router\index.js:280:10)
    at Function.handle (C:\github\backend\3raEntregaPF\node_modules\express\lib\router\index.js:175:3)
[2023-02-20T19:38:32.592] [ERROR] default - TypeError: CarritosModel.create is not a function
    at CarritoDao.createCart (C:\github\backend\3raEntregaPF\dao\carritoDao.js:9:34)
    at C:\github\backend\3raEntregaPF\routes\cart.js:14:38
    at Layer.handle [as handle_request] (C:\github\backend\3raEntregaPF\node_modules\express\lib\router\layer.js:95:5)
    at next (C:\github\backend\3raEntregaPF\node_modules\express\lib\router\route.js:144:13)
    at Route.dispatch (C:\github\backend\3raEntregaPF\node_modules\express\lib\router\route.js:114:3)
    at Layer.handle [as handle_request] (C:\github\backend\3raEntregaPF\node_modules\express\lib\router\layer.js:95:5)
    at C:\github\backend\3raEntregaPF\node_modules\express\lib\router\index.js:284:15
    at Function.process_params (C:\github\backend\3raEntregaPF\node_modules\express\lib\router\index.js:346:12)
    at next (C:\github\backend\3raEntregaPF\node_modules\express\lib\router\index.js:280:10)
    at Function.handle (C:\github\backend\3raEntregaPF\node_modules\express\lib\router\index.js:175:3)
[2023-02-20T19:50:08.001] [ERROR] default - TypeError: productModel.findById is not a function
    at Function.exists (C:\github\backend\3raEntregaPF\contenedores\contenedor.js:13:27)
    at C:\github\backend\3raEntregaPF\routes\cart.js:40:44
    at Layer.handle [as handle_request] (C:\github\backend\3raEntregaPF\node_modules\express\lib\router\layer.js:95:5)
    at next (C:\github\backend\3raEntregaPF\node_modules\express\lib\router\route.js:144:13)
    at Route.dispatch (C:\github\backend\3raEntregaPF\node_modules\express\lib\router\route.js:114:3)
    at Layer.handle [as handle_request] (C:\github\backend\3raEntregaPF\node_modules\express\lib\router\layer.js:95:5)
    at C:\github\backend\3raEntregaPF\node_modules\express\lib\router\index.js:284:15
    at param (C:\github\backend\3raEntregaPF\node_modules\express\lib\router\index.js:365:14)
    at param (C:\github\backend\3raEntregaPF\node_modules\express\lib\router\index.js:376:14)
    at Function.process_params (C:\github\backend\3raEntregaPF\node_modules\express\lib\router\index.js:421:3)
[2023-02-21T02:18:44.554] [ERROR] default - Error: products validation failed: thumbnail: Path `thumbnail` is required.
    at ValidationError.inspect (C:\github\backend\3raEntregaPF\node_modules\mongoose\lib\error\validation.js:50:26)
    at formatValue (node:internal/util/inspect:782:19)
    at inspect (node:internal/util/inspect:347:10)
    at formatWithOptionsInternal (node:internal/util/inspect:2167:40)
    at Object.format (node:internal/util/inspect:2021:10)
    at basicLayout (C:\github\backend\3raEntregaPF\node_modules\log4js\lib\layouts.js:65:52)
    at app (C:\github\backend\3raEntregaPF\node_modules\log4js\lib\appenders\file.js:98:23)
    at C:\github\backend\3raEntregaPF\node_modules\log4js\lib\appenders\logLevelFilter.js:10:7
    at C:\github\backend\3raEntregaPF\node_modules\log4js\lib\log4js.js:43:5
    at Array.forEach (<anonymous>) {
  errors: {
    thumbnail: ValidatorError: Path `thumbnail` is required.
        at validate (C:\github\backend\3raEntregaPF\node_modules\mongoose\lib\schematype.js:1346:13)
        at SchemaString.SchemaType.doValidate (C:\github\backend\3raEntregaPF\node_modules\mongoose\lib\schematype.js:1330:7)
        at C:\github\backend\3raEntregaPF\node_modules\mongoose\lib\document.js:2905:18
        at processTicksAndRejections (node:internal/process/task_queues:78:11) {
      properties: [Object],
      kind: 'required',
      path: 'thumbnail',
      value: undefined,
      reason: undefined,
      [Symbol(mongoose:validatorError)]: true
    }
  },
  _message: 'products validation failed'
}
[2023-02-21T02:31:03.943] [ERROR] default - Error: products validation failed: thumbnail: Path `thumbnail` is required.
    at ValidationError.inspect (C:\github\backend\3raEntregaPF\node_modules\mongoose\lib\error\validation.js:50:26)
    at formatValue (node:internal/util/inspect:782:19)
    at inspect (node:internal/util/inspect:347:10)
    at formatWithOptionsInternal (node:internal/util/inspect:2167:40)
    at Object.format (node:internal/util/inspect:2021:10)
    at basicLayout (C:\github\backend\3raEntregaPF\node_modules\log4js\lib\layouts.js:65:52)
    at app (C:\github\backend\3raEntregaPF\node_modules\log4js\lib\appenders\file.js:98:23)
    at C:\github\backend\3raEntregaPF\node_modules\log4js\lib\appenders\logLevelFilter.js:10:7
    at C:\github\backend\3raEntregaPF\node_modules\log4js\lib\log4js.js:43:5
    at Array.forEach (<anonymous>) {
  errors: {
    thumbnail: ValidatorError: Path `thumbnail` is required.
        at validate (C:\github\backend\3raEntregaPF\node_modules\mongoose\lib\schematype.js:1346:13)
        at SchemaString.SchemaType.doValidate (C:\github\backend\3raEntregaPF\node_modules\mongoose\lib\schematype.js:1330:7)
        at C:\github\backend\3raEntregaPF\node_modules\mongoose\lib\document.js:2905:18
        at processTicksAndRejections (node:internal/process/task_queues:78:11) {
      properties: [Object],
      kind: 'required',
      path: 'thumbnail',
      value: undefined,
      reason: undefined,
      [Symbol(mongoose:validatorError)]: true
    }
  },
  _message: 'products validation failed'
}
[2023-02-22T00:14:16.585] [ERROR] default - TypeError: productModel.findById is not a function
    at Function.exists (C:\github\backend\3raEntregaPF\contenedores\contenedor.js:13:27)
    at C:\github\backend\3raEntregaPF\routes\cart.js:40:44
    at Layer.handle [as handle_request] (C:\github\backend\3raEntregaPF\node_modules\express\lib\router\layer.js:95:5)
    at next (C:\github\backend\3raEntregaPF\node_modules\express\lib\router\route.js:144:13)
    at Route.dispatch (C:\github\backend\3raEntregaPF\node_modules\express\lib\router\route.js:114:3)
    at Layer.handle [as handle_request] (C:\github\backend\3raEntregaPF\node_modules\express\lib\router\layer.js:95:5)
    at C:\github\backend\3raEntregaPF\node_modules\express\lib\router\index.js:284:15
    at param (C:\github\backend\3raEntregaPF\node_modules\express\lib\router\index.js:365:14)
    at param (C:\github\backend\3raEntregaPF\node_modules\express\lib\router\index.js:376:14)
    at Function.process_params (C:\github\backend\3raEntregaPF\node_modules\express\lib\router\index.js:421:3)
[2023-02-22T00:23:38.633] [ERROR] default - TypeError: productosModel.findById is not a function
    at Function.exists (C:\github\backend\3raEntregaPF\contenedores\contenedor.js:13:29)
    at C:\github\backend\3raEntregaPF\routes\cart.js:40:44
    at Layer.handle [as handle_request] (C:\github\backend\3raEntregaPF\node_modules\express\lib\router\layer.js:95:5)
    at next (C:\github\backend\3raEntregaPF\node_modules\express\lib\router\route.js:144:13)
    at Route.dispatch (C:\github\backend\3raEntregaPF\node_modules\express\lib\router\route.js:114:3)
    at Layer.handle [as handle_request] (C:\github\backend\3raEntregaPF\node_modules\express\lib\router\layer.js:95:5)
    at C:\github\backend\3raEntregaPF\node_modules\express\lib\router\index.js:284:15
    at param (C:\github\backend\3raEntregaPF\node_modules\express\lib\router\index.js:365:14)
    at param (C:\github\backend\3raEntregaPF\node_modules\express\lib\router\index.js:376:14)
    at Function.process_params (C:\github\backend\3raEntregaPF\node_modules\express\lib\router\index.js:421:3)
[2023-02-22T01:04:38.941] [ERROR] default - TypeError: Cannot read properties of null (reading 'products')
    at CarritoDao.saveProductToCart (C:\github\backend\3raEntregaPF\dao\carritoDao.js:28:12)
    at processTicksAndRejections (node:internal/process/task_queues:96:5)
    at async C:\github\backend\3raEntregaPF\routes\cart.js:48:9
[2023-02-22T01:07:55.709] [ERROR] default - TypeError: Cannot read properties of null (reading 'products')
    at CarritoDao.saveProductToCart (C:\github\backend\3raEntregaPF\dao\carritoDao.js:29:12)
    at processTicksAndRejections (node:internal/process/task_queues:96:5)
    at async C:\github\backend\3raEntregaPF\routes\cart.js:48:9
[2023-02-22T01:11:16.151] [ERROR] default - TypeError: Cannot read properties of null (reading 'products')
    at CarritoDao.saveProductToCart (C:\github\backend\3raEntregaPF\dao\carritoDao.js:29:12)
    at processTicksAndRejections (node:internal/process/task_queues:96:5)
    at async C:\github\backend\3raEntregaPF\routes\cart.js:45:5
[2023-02-22T01:12:01.917] [ERROR] default - TypeError: Cannot read properties of null (reading 'products')
    at CarritoDao.saveProductToCart (C:\github\backend\3raEntregaPF\dao\carritoDao.js:29:12)
    at processTicksAndRejections (node:internal/process/task_queues:96:5)
    at async C:\github\backend\3raEntregaPF\routes\cart.js:45:5
[2023-02-22T01:12:50.813] [ERROR] default - TypeError: Cannot read properties of null (reading 'products')
    at CarritoDao.saveProductToCart (C:\github\backend\3raEntregaPF\dao\carritoDao.js:29:12)
    at processTicksAndRejections (node:internal/process/task_queues:96:5)
    at async C:\github\backend\3raEntregaPF\routes\cart.js:45:5
[2023-02-22T01:13:52.077] [ERROR] default - TypeError: Cannot read properties of null (reading 'products')
    at CarritoDao.saveProductToCart (C:\github\backend\3raEntregaPF\dao\carritoDao.js:29:12)
    at processTicksAndRejections (node:internal/process/task_queues:96:5)
    at async C:\github\backend\3raEntregaPF\routes\cart.js:45:5
[2023-02-22T01:17:44.029] [ERROR] default - CastError: Cast to ObjectId failed for value "parrot" (type string) at path "products" because of "BSONTypeError"
    at ObjectId.cast (C:\github\backend\3raEntregaPF\node_modules\mongoose\lib\schema\objectid.js:248:11)
    at ObjectId.SchemaType.applySetters (C:\github\backend\3raEntregaPF\node_modules\mongoose\lib\schematype.js:1201:12)
    at Proxy._cast (C:\github\backend\3raEntregaPF\node_modules\mongoose\lib\types\array\methods\index.js:245:43)
    at Proxy._mapCast (C:\github\backend\3raEntregaPF\node_modules\mongoose\lib\types\array\methods\index.js:258:17)
    at Arguments.map (<anonymous>)
    at Proxy.push (C:\github\backend\3raEntregaPF\node_modules\mongoose\lib\types\array\methods\index.js:675:21)
    at CarritoDao.saveProductToCart (C:\github\backend\3raEntregaPF\dao\carritoDao.js:29:21)
    at processTicksAndRejections (node:internal/process/task_queues:96:5)
    at async C:\github\backend\3raEntregaPF\routes\cart.js:46:5 {
  stringValue: '"parrot"',
  messageFormat: undefined,
  kind: 'ObjectId',
  value: 'parrot',
  path: 'products',
  reason: BSONTypeError: Argument passed in must be a string of 12 bytes or a string of 24 hex characters or an integer
      at new BSONTypeError (C:\github\backend\3raEntregaPF\node_modules\bson\lib\error.js:41:28)
      at new ObjectId (C:\github\backend\3raEntregaPF\node_modules\bson\lib\objectid.js:67:23)
      at castObjectId (C:\github\backend\3raEntregaPF\node_modules\mongoose\lib\cast\objectid.js:25:12)
      at ObjectId.cast (C:\github\backend\3raEntregaPF\node_modules\mongoose\lib\schema\objectid.js:246:12)
      at ObjectId.SchemaType.applySetters (C:\github\backend\3raEntregaPF\node_modules\mongoose\lib\schematype.js:1201:12)
      at Proxy._cast (C:\github\backend\3raEntregaPF\node_modules\mongoose\lib\types\array\methods\index.js:245:43)
      at Proxy._mapCast (C:\github\backend\3raEntregaPF\node_modules\mongoose\lib\types\array\methods\index.js:258:17)
      at Arguments.map (<anonymous>)
      at Proxy.push (C:\github\backend\3raEntregaPF\node_modules\mongoose\lib\types\array\methods\index.js:675:21)
      at CarritoDao.saveProductToCart (C:\github\backend\3raEntregaPF\dao\carritoDao.js:29:21),
  valueType: 'string'
}
[2023-02-22T01:23:32.401] [ERROR] default - TypeError: Cannot read properties of null (reading 'products')
    at CarritoDao.saveProductToCart (C:\github\backend\3raEntregaPF\dao\carritoDao.js:29:12)
    at processTicksAndRejections (node:internal/process/task_queues:96:5)
    at async C:\github\backend\3raEntregaPF\routes\cart.js:48:5
[2023-02-22T01:25:23.091] [ERROR] default - TypeError: Cannot read properties of null (reading 'products')
    at CarritoDao.saveProductToCart (C:\github\backend\3raEntregaPF\dao\carritoDao.js:29:12)
    at processTicksAndRejections (node:internal/process/task_queues:96:5)
    at async C:\github\backend\3raEntregaPF\routes\cart.js:48:5
[2023-02-22T01:26:42.012] [ERROR] default - TypeError: Cannot read properties of null (reading 'products')
    at CarritoDao.saveProductToCart (C:\github\backend\3raEntregaPF\dao\carritoDao.js:29:12)
    at processTicksAndRejections (node:internal/process/task_queues:96:5)
    at async C:\github\backend\3raEntregaPF\routes\cart.js:48:5
[2023-02-22T01:27:57.597] [ERROR] default - TypeError: Cannot read properties of null (reading 'products')
    at CarritoDao.saveProductToCart (C:\github\backend\3raEntregaPF\dao\carritoDao.js:29:12)
    at processTicksAndRejections (node:internal/process/task_queues:96:5)
    at async C:\github\backend\3raEntregaPF\routes\cart.js:48:5
[2023-02-22T01:43:59.676] [ERROR] default - CastError: Cast to ObjectId failed for value "{ productId: '63f4577076c454cc82dbaaed' }" (type Object) at path "products" because of "BSONTypeError"
    at ObjectId.cast (C:\github\backend\3raEntregaPF\node_modules\mongoose\lib\schema\objectid.js:248:11)
    at ObjectId.SchemaType.applySetters (C:\github\backend\3raEntregaPF\node_modules\mongoose\lib\schematype.js:1201:12)
    at Proxy._cast (C:\github\backend\3raEntregaPF\node_modules\mongoose\lib\types\array\methods\index.js:245:43)
    at Proxy._mapCast (C:\github\backend\3raEntregaPF\node_modules\mongoose\lib\types\array\methods\index.js:258:17)
    at Arguments.map (<anonymous>)
    at Proxy.push (C:\github\backend\3raEntregaPF\node_modules\mongoose\lib\types\array\methods\index.js:675:21)
    at CarritoDao.saveProductToCart (C:\github\backend\3raEntregaPF\dao\carritoDao.js:29:21)
    at processTicksAndRejections (node:internal/process/task_queues:96:5)
    at async C:\github\backend\3raEntregaPF\routes\cart.js:48:5 {
  stringValue: `"{ productId: '63f4577076c454cc82dbaaed' }"`,
  messageFormat: undefined,
  kind: 'ObjectId',
  value: { productId: '63f4577076c454cc82dbaaed' },
  path: 'products',
  reason: BSONTypeError: Argument passed in must be a string of 12 bytes or a string of 24 hex characters or an integer
      at new BSONTypeError (C:\github\backend\3raEntregaPF\node_modules\bson\lib\error.js:41:28)
      at new ObjectId (C:\github\backend\3raEntregaPF\node_modules\bson\lib\objectid.js:67:23)
      at castObjectId (C:\github\backend\3raEntregaPF\node_modules\mongoose\lib\cast\objectid.js:25:12)
      at ObjectId.cast (C:\github\backend\3raEntregaPF\node_modules\mongoose\lib\schema\objectid.js:246:12)
      at ObjectId.SchemaType.applySetters (C:\github\backend\3raEntregaPF\node_modules\mongoose\lib\schematype.js:1201:12)
      at Proxy._cast (C:\github\backend\3raEntregaPF\node_modules\mongoose\lib\types\array\methods\index.js:245:43)
      at Proxy._mapCast (C:\github\backend\3raEntregaPF\node_modules\mongoose\lib\types\array\methods\index.js:258:17)
      at Arguments.map (<anonymous>)
      at Proxy.push (C:\github\backend\3raEntregaPF\node_modules\mongoose\lib\types\array\methods\index.js:675:21)
      at CarritoDao.saveProductToCart (C:\github\backend\3raEntregaPF\dao\carritoDao.js:29:21),
  valueType: 'Object'
}
[2023-02-22T01:48:21.083] [ERROR] default - CastError: Cast to ObjectId failed for value "{ productId: '63f4577076c454cc82dbaaed' }" (type Object) at path "products" because of "BSONTypeError"
    at ObjectId.cast (C:\github\backend\3raEntregaPF\node_modules\mongoose\lib\schema\objectid.js:248:11)
    at ObjectId.SchemaType.applySetters (C:\github\backend\3raEntregaPF\node_modules\mongoose\lib\schematype.js:1201:12)
    at Proxy._cast (C:\github\backend\3raEntregaPF\node_modules\mongoose\lib\types\array\methods\index.js:245:43)
    at Proxy._mapCast (C:\github\backend\3raEntregaPF\node_modules\mongoose\lib\types\array\methods\index.js:258:17)
    at Arguments.map (<anonymous>)
    at Proxy.push (C:\github\backend\3raEntregaPF\node_modules\mongoose\lib\types\array\methods\index.js:675:21)
    at CarritoDao.saveProductToCart (C:\github\backend\3raEntregaPF\dao\carritoDao.js:29:21)
    at processTicksAndRejections (node:internal/process/task_queues:96:5)
    at async C:\github\backend\3raEntregaPF\routes\cart.js:50:5 {
  stringValue: `"{ productId: '63f4577076c454cc82dbaaed' }"`,
  messageFormat: undefined,
  kind: 'ObjectId',
  value: { productId: '63f4577076c454cc82dbaaed' },
  path: 'products',
  reason: BSONTypeError: Argument passed in must be a string of 12 bytes or a string of 24 hex characters or an integer
      at new BSONTypeError (C:\github\backend\3raEntregaPF\node_modules\bson\lib\error.js:41:28)
      at new ObjectId (C:\github\backend\3raEntregaPF\node_modules\bson\lib\objectid.js:67:23)
      at castObjectId (C:\github\backend\3raEntregaPF\node_modules\mongoose\lib\cast\objectid.js:25:12)
      at ObjectId.cast (C:\github\backend\3raEntregaPF\node_modules\mongoose\lib\schema\objectid.js:246:12)
      at ObjectId.SchemaType.applySetters (C:\github\backend\3raEntregaPF\node_modules\mongoose\lib\schematype.js:1201:12)
      at Proxy._cast (C:\github\backend\3raEntregaPF\node_modules\mongoose\lib\types\array\methods\index.js:245:43)
      at Proxy._mapCast (C:\github\backend\3raEntregaPF\node_modules\mongoose\lib\types\array\methods\index.js:258:17)
      at Arguments.map (<anonymous>)
      at Proxy.push (C:\github\backend\3raEntregaPF\node_modules\mongoose\lib\types\array\methods\index.js:675:21)
      at CarritoDao.saveProductToCart (C:\github\backend\3raEntregaPF\dao\carritoDao.js:29:21),
  valueType: 'Object'
}
[2023-02-22T03:45:36.677] [ERROR] default - no se pudo agregar el producto TypeError: SMS is not a function
[2023-02-22T03:48:27.270] [ERROR] default - Error al enviar sms al usuario Error: The 'To' number +54388455788 is not a valid phone number.
[2023-02-22T04:00:52.680] [ERROR] default - no se pudo agregar el producto TypeError: Cannot read properties of undefined (reading 'errorCode')
