[2023-02-01T21:40:13.054] [WARN] default - Ruta / método GET no implementados
[2023-02-01T21:40:13.169] [WARN] default - Ruta /favicon.ico método GET no implementados
[2023-02-01T21:40:22.220] [WARN] default - Ruta /info método GET no implementados
[2023-02-01T21:43:39.462] [ERROR] default - No hay productos
[2023-02-01T21:43:51.628] [WARN] default - Ruta / método GET no implementados
[2023-02-02T21:02:57.718] [WARN] default - Ruta /favicon.ico método GET no implementados
[2023-02-02T21:53:35.921] [ERROR] default - processInfo is not defined
[2023-02-02T21:54:20.214] [ERROR] default - processInfo is not defined
[2023-02-16T00:54:04.017] [WARN] default - Ruta /favicon.ico método GET no implementados
[2023-02-16T01:00:53.420] [ERROR] default - No hay productos
[2023-02-16T01:00:59.413] [WARN] default - Ruta /api/productos método GET no implementados
[2023-02-16T01:01:16.435] [WARN] default - Ruta /productos método GET no implementados
[2023-02-16T01:08:59.558] [WARN] default - Ruta /productos método GET no implementados
[2023-02-16T01:09:09.999] [WARN] default - Ruta /api/productos método GET no implementados
[2023-02-16T01:09:17.364] [ERROR] default - No hay productos
[2023-02-16T01:10:46.101] [WARN] default - Ruta /api/new-product método GET no implementados
[2023-02-16T01:11:22.128] [WARN] default - Ruta /new-product método GET no implementados
[2023-02-16T01:44:47.879] [WARN] default - Ruta /productos método GET no implementados
[2023-02-16T02:00:02.530] [ERROR] default - No hay productos
[2023-02-16T02:07:24.782] [WARN] default - Ruta /productos método GET no implementados
[2023-02-16T02:07:41.765] [WARN] default - Ruta /api/productos método GET no implementados
[2023-02-16T02:14:07.494] [ERROR] default - ReferenceError: Cannot access 'producto' before initialization
    at C:\github\backend\3raEntregaPF\server.js:346:24
    at Layer.handle [as handle_request] (C:\github\backend\3raEntregaPF\node_modules\express\lib\router\layer.js:95:5)
    at next (C:\github\backend\3raEntregaPF\node_modules\express\lib\router\route.js:144:13)
    at Route.dispatch (C:\github\backend\3raEntregaPF\node_modules\express\lib\router\route.js:114:3)
    at Layer.handle [as handle_request] (C:\github\backend\3raEntregaPF\node_modules\express\lib\router\layer.js:95:5)
    at C:\github\backend\3raEntregaPF\node_modules\express\lib\router\index.js:284:15
    at param (C:\github\backend\3raEntregaPF\node_modules\express\lib\router\index.js:365:14)
    at param (C:\github\backend\3raEntregaPF\node_modules\express\lib\router\index.js:376:14)
    at Function.process_params (C:\github\backend\3raEntregaPF\node_modules\express\lib\router\index.js:421:3)
    at next (C:\github\backend\3raEntregaPF\node_modules\express\lib\router\index.js:280:10)
[2023-02-16T02:14:07.495] [ERROR] default - Cannot access 'producto' before initialization
[2023-02-16T02:16:03.503] [ERROR] default - TypeError: apiProductos.popular is not a function
    at C:\github\backend\3raEntregaPF\server.js:337:35
    at Layer.handle [as handle_request] (C:\github\backend\3raEntregaPF\node_modules\express\lib\router\layer.js:95:5)
    at next (C:\github\backend\3raEntregaPF\node_modules\express\lib\router\route.js:144:13)
    at Route.dispatch (C:\github\backend\3raEntregaPF\node_modules\express\lib\router\route.js:114:3)
    at Layer.handle [as handle_request] (C:\github\backend\3raEntregaPF\node_modules\express\lib\router\layer.js:95:5)
    at C:\github\backend\3raEntregaPF\node_modules\express\lib\router\index.js:284:15
    at Function.process_params (C:\github\backend\3raEntregaPF\node_modules\express\lib\router\index.js:346:12)
    at next (C:\github\backend\3raEntregaPF\node_modules\express\lib\router\index.js:280:10)
    at next (C:\github\backend\3raEntregaPF\node_modules\express\lib\router\route.js:136:14)
    at C:\github\backend\3raEntregaPF\server.js:195:5
[2023-02-16T02:16:03.505] [ERROR] default - apiProductos.popular is not a function
[2023-02-16T18:13:41.950] [WARN] default - Ruta /favicon.ico método GET no implementados
[2023-02-16T18:17:07.752] [WARN] default - Ruta /productos método GET no implementados
[2023-02-16T18:18:20.368] [WARN] default - Ruta /productos método GET no implementados
[2023-02-16T18:18:32.256] [WARN] default - Ruta /api/productos método GET no implementados
[2023-02-16T20:13:36.118] [WARN] default - Ruta /api/producto2 método POST no implementados
[2023-02-16T20:50:27.037] [WARN] default - Ruta /api/prod/ método GET no implementados
[2023-02-16T20:51:02.346] [WARN] default - Ruta /api/prod/1 método GET no implementados
[2023-02-16T20:51:17.389] [WARN] default - Ruta /api/prod/ método GET no implementados
[2023-02-16T20:58:11.043] [WARN] default - Ruta /productos método GET no implementados
[2023-02-16T20:58:22.921] [WARN] default - Ruta /prod método GET no implementados
[2023-02-16T21:18:11.336] [WARN] default - Ruta /api/new-product método GET no implementados
[2023-02-16T21:41:48.439] [ERROR] default - Cannot read properties of undefined (reading 'params')
[2023-02-16T21:42:25.688] [ERROR] default - Cannot read properties of undefined (reading 'params')
[2023-02-16T21:53:57.881] [WARN] default - Ruta /prod método GET no implementados
[2023-02-16T21:54:17.433] [WARN] default - Ruta /prod método GET no implementados
[2023-02-16T21:54:21.309] [WARN] default - Ruta /prod método GET no implementados
[2023-02-16T23:19:30.026] [WARN] default - Ruta /api/sdfsdfsdf método GET no implementados
[2023-02-16T23:20:04.624] [WARN] default - Ruta /api/sdfsdfsdf método GET no implementados
[2023-02-16T23:20:47.404] [WARN] default - Ruta /api/sdfsdfsdf método GET no implementados
[2023-02-16T23:21:15.191] [WARN] default - Ruta /api/%7Bthis.pic%7D método GET no implementados
[2023-02-16T23:23:18.064] [WARN] default - Ruta /api/sdfsdfsdf método GET no implementados
